<?xml version="1.0" encoding="UTF-8"?>
<!-- Generated by org.testng.reporters.JUnitReportReporter -->
<testsuite hostname="DESKTOP-LKNRSCI" failures="0" tests="1" name="testCases.Tc_001_AccountRegistration" time="3.308" errors="0" timestamp="2024-03-02T10:27:25 IST" skipped="0">
  <testcase classname="testCases.Tc_001_AccountRegistration" name="test_account_registration" time="3.308"/>
</testsuite> <!-- testCases.Tc_001_AccountRegistration -->
