<?xml version="1.0" encoding="UTF-8"?>
<!-- Generated by org.testng.reporters.JUnitReportReporter -->
<testsuite hostname="DESKTOP-LKNRSCI" failures="0" tests="1" name="testCases.Tc_001_AccountRegistration" time="2.768" errors="0" timestamp="2024-03-04T09:26:56 IST" skipped="0">
  <testcase classname="testCases.Tc_001_AccountRegistration" name="test_account_registration" time="2.768"/>
</testsuite> <!-- testCases.Tc_001_AccountRegistration -->
