<?xml version="1.0" encoding="UTF-8"?>
<!-- Generated by org.testng.reporters.JUnitReportReporter -->
<testsuite hostname="DESKTOP-LKNRSCI" failures="0" tests="1" name="testCases.Tc_002_logintest" time="2.595" errors="0" timestamp="2024-03-04T09:26:56 IST" skipped="0">
  <testcase classname="testCases.Tc_002_logintest" name="logintest" time="2.595"/>
</testsuite> <!-- testCases.Tc_002_logintest -->
